2023-02-28 10:10:50,288 INFO org.springframework.boot.StartupInfoLogger [main] Starting EmployeeServiceTest using Java 17.0.1 with PID 80374 (started by remi in /Users/remi/Desktop/employeeApi/backend)
2023-02-28 10:10:50,291 INFO org.springframework.boot.SpringApplication [main] No active profile set, falling back to 1 default profile: "default"
2023-02-28 10:10:50,400 INFO org.springframework.boot.StartupInfoLogger [main] Started EmployeeServiceTest in 0.332 seconds (process running for 1.268)
2023-02-28 10:10:51,133 INFO org.springframework.test.context.support.AnnotationConfigContextLoaderUtils [main] Could not detect default configuration classes for test class [com.employeeCreator.app.employee.EmployeeRepositoryTest]: EmployeeRepositoryTest does not declare any static, non-private, non-final, nested classes annotated with @Configuration.
2023-02-28 10:10:51,197 INFO org.springframework.boot.test.context.SpringBootTestContextBootstrapper [main] Found @SpringBootConfiguration com.employeeCreator.app.App for test class com.employeeCreator.app.employee.EmployeeRepositoryTest
2023-02-28 10:10:51,227 INFO org.springframework.boot.StartupInfoLogger [main] Starting EmployeeRepositoryTest using Java 17.0.1 with PID 80374 (started by remi in /Users/remi/Desktop/employeeApi/backend)
2023-02-28 10:10:51,228 INFO org.springframework.boot.SpringApplication [main] No active profile set, falling back to 1 default profile: "default"
2023-02-28 10:10:51,452 INFO org.springframework.data.repository.config.RepositoryConfigurationDelegate [main] Bootstrapping Spring Data JPA repositories in DEFAULT mode.
2023-02-28 10:10:51,486 INFO org.springframework.data.repository.config.RepositoryConfigurationDelegate [main] Finished Spring Data repository scanning in 27 ms. Found 1 JPA repository interfaces.
2023-02-28 10:10:51,527 INFO org.springframework.boot.test.autoconfigure.jdbc.TestDatabaseAutoConfiguration$EmbeddedDataSourceBeanFactoryPostProcessor [main] Replacing 'dataSource' DataSource bean with embedded version
2023-02-28 10:10:51,669 INFO org.springframework.jdbc.datasource.embedded.EmbeddedDatabaseFactory [main] Starting embedded database: url='jdbc:h2:mem:9ed5d963-4e60-496d-9454-d846eb3518a2;DB_CLOSE_DELAY=-1;DB_CLOSE_ON_EXIT=false', username='sa'
2023-02-28 10:10:51,898 INFO org.hibernate.jpa.internal.util.LogHelper [main] HHH000204: Processing PersistenceUnitInfo [name: default]
2023-02-28 10:10:51,946 INFO org.hibernate.Version [main] HHH000412: Hibernate ORM core version 6.1.6.Final
2023-02-28 10:10:51,977 WARN org.hibernate.boot.internal.MetadataBuilderImpl$MetadataBuildingOptionsImpl [main] HHH90000021: Encountered deprecated setting [javax.persistence.sharedCache.mode], use [jakarta.persistence.sharedCache.mode] instead
2023-02-28 10:10:52,082 INFO org.hibernate.engine.jdbc.dialect.internal.DialectFactoryImpl [main] HHH000400: Using dialect: org.hibernate.dialect.H2Dialect
2023-02-28 10:10:52,558 DEBUG org.hibernate.engine.jdbc.spi.SqlStatementLogger [main] create table "employee" ("id" bigint generated by default as identity, "address" varchar(255), "contract_type" varchar(255), "deleted" boolean, "email" varchar(255), "end_date" date, "first_name" varchar(255), "last_name" varchar(255), "middle_name" varchar(255), "mobile_number" varchar(255), "start_date" date, "time_base" varchar(255), "weekly_hours" varchar(255), primary key ("id"))
2023-02-28 10:10:52,566 INFO org.hibernate.engine.transaction.jta.platform.internal.JtaPlatformInitiator [main] HHH000490: Using JtaPlatform implementation: [org.hibernate.engine.transaction.jta.platform.internal.NoJtaPlatform]
2023-02-28 10:10:52,572 INFO org.springframework.orm.jpa.AbstractEntityManagerFactoryBean [main] Initialized JPA EntityManagerFactory for persistence unit 'default'
2023-02-28 10:10:52,814 WARN org.springframework.core.LocalVariableTableParameterNameDiscoverer [main] Using deprecated '-debug' fallback for parameter name resolution. Compile the affected code with '-parameters' instead or avoid its introspection: com.employeeCreator.app.employee.EmployeeRepository
2023-02-28 10:10:52,895 INFO org.springframework.boot.StartupInfoLogger [main] Started EmployeeRepositoryTest in 1.693 seconds (process running for 3.763)
2023-02-28 10:10:52,993 DEBUG org.hibernate.engine.jdbc.spi.SqlStatementLogger [main] select e1_0."id" from "employee" e1_0 where e1_0."email"=? fetch first ? rows only
2023-02-28 10:10:53,014 DEBUG org.hibernate.engine.jdbc.spi.SqlStatementLogger [main] select e1_0."id",e1_0."address",e1_0."contract_type",e1_0."deleted",e1_0."email",e1_0."end_date",e1_0."first_name",e1_0."last_name",e1_0."middle_name",e1_0."mobile_number",e1_0."start_date",e1_0."time_base",e1_0."weekly_hours" from "employee" e1_0
2023-02-28 10:10:53,039 DEBUG org.hibernate.engine.jdbc.spi.SqlStatementLogger [main] insert into "employee" ("id", "address", "contract_type", "deleted", "email", "end_date", "first_name", "last_name", "middle_name", "mobile_number", "start_date", "time_base", "weekly_hours") values (default, ?, ?, ?, ?, ?, ?, ?, ?, ?, ?, ?, ?)
2023-02-28 10:10:53,054 DEBUG org.hibernate.engine.jdbc.spi.SqlStatementLogger [main] select e1_0."id" from "employee" e1_0 where e1_0."email"=? fetch first ? rows only
2023-02-28 10:10:53,058 DEBUG org.hibernate.engine.jdbc.spi.SqlStatementLogger [main] select e1_0."id",e1_0."address",e1_0."contract_type",e1_0."deleted",e1_0."email",e1_0."end_date",e1_0."first_name",e1_0."last_name",e1_0."middle_name",e1_0."mobile_number",e1_0."start_date",e1_0."time_base",e1_0."weekly_hours" from "employee" e1_0
2023-02-28 10:10:53,084 INFO org.springframework.orm.jpa.AbstractEntityManagerFactoryBean [SpringApplicationShutdownHook] Closing JPA EntityManagerFactory for persistence unit 'default'
